proguard/mapping.txt
com.spatialind.imoboard.Contact -> com.spatialind.imoboard.am:
    java.lang.String id -> a
    java.util.ArrayList observationList -> b
    void setId(java.lang.String) -> a
    java.util.ArrayList getObservationList() -> a
    boolean isClosing() -> b
    java.lang.String toString() -> toString
com.spatialind.imoboard.ContactActivity -> com.spatialind.imoboard.ContactActivity:
    android.database.Cursor cursor -> a
    java.lang.String contactName -> b
    float bearing -> c
    float range -> d
    float course -> e
    float speed -> f
    float ownCourse -> g
    float ownSpeed -> h
    int obs_hour -> i
    int obs_minute -> j
    com.spatialind.imoboard.ContactDatabaseAdapter db -> k
    android.widget.TextView targetTextView -> l
    android.widget.TextView targetRangeTextView -> m
    android.widget.TextView targetBearingTextView -> n
    android.widget.TextView ownShipCourseTextView -> o
    android.widget.TextView targetCourseTextView -> p
    android.widget.TextView ownShipSpeedTextView -> q
    android.widget.TextView targetSpeedTextView -> r
    com.spatialind.imoboard.ShipCompassView targetView -> s
    com.spatialind.imoboard.ShipCompassView ownShipView -> t
    int ADD_OBS_DIALOG_ID -> u
    int UPDATE_OWNSHIP_DIALOG_ID -> v
    int TGT_SHIP_COMPASS -> w
    int OWN_SHIP_COMPASS -> x
    void onCreate(android.os.Bundle) -> onCreate
    android.app.Dialog onCreateDialog(int) -> onCreateDialog
    boolean onCreateOptionsMenu(android.view.Menu) -> onCreateOptionsMenu
    boolean onOptionsItemSelected(android.view.MenuItem) -> onOptionsItemSelected
    void onDestroy() -> onDestroy
    void onPause() -> onPause
    void onResume() -> onResume
    void fillData() -> a
    android.widget.TextView access$0(com.spatialind.imoboard.ContactActivity) -> a
com.spatialind.imoboard.ContactActivity$1 -> com.spatialind.imoboard.g:
    com.spatialind.imoboard.ContactActivity this$0 -> a
    void onCourseChanged(int,float) -> a
    void onBearingChanged(int,float) -> b
com.spatialind.imoboard.ContactActivity$2 -> com.spatialind.imoboard.f:
    com.spatialind.imoboard.ContactActivity this$0 -> a
    void onCourseChanged(int,float) -> a
    void onBearingChanged(int,float) -> b
com.spatialind.imoboard.ContactActivity$3 -> com.spatialind.imoboard.o:
    com.spatialind.imoboard.ContactActivity this$0 -> a
    void onTimeChanged(android.widget.TimePicker,int,int) -> onTimeChanged
com.spatialind.imoboard.ContactActivity$4 -> com.spatialind.imoboard.p:
    com.spatialind.imoboard.ContactActivity this$0 -> a
    android.widget.EditText val$bearingEditText -> b
    android.widget.EditText val$rangeEditText -> c
    void onClick(android.content.DialogInterface,int) -> onClick
com.spatialind.imoboard.ContactActivity$5 -> com.spatialind.imoboard.q:
    com.spatialind.imoboard.ContactActivity this$0 -> a
    void onClick(android.content.DialogInterface,int) -> onClick
com.spatialind.imoboard.ContactActivity$6 -> com.spatialind.imoboard.r:
    com.spatialind.imoboard.ContactActivity this$0 -> a
    android.widget.EditText val$courseEditText -> b
    android.widget.EditText val$speedEditText -> c
    void onClick(android.content.DialogInterface,int) -> onClick
com.spatialind.imoboard.ContactActivity$7 -> com.spatialind.imoboard.l:
    com.spatialind.imoboard.ContactActivity this$0 -> a
    void onClick(android.content.DialogInterface,int) -> onClick
com.spatialind.imoboard.ContactActivity$8 -> com.spatialind.imoboard.m:
    com.spatialind.imoboard.ContactActivity this$0 -> a
    void onClick(android.content.DialogInterface,int) -> onClick
com.spatialind.imoboard.ContactActivity$9 -> com.spatialind.imoboard.n:
    com.spatialind.imoboard.ContactActivity this$0 -> a
    void onClick(android.content.DialogInterface,int) -> onClick
...
com.android.vending.licensing.AESObfuscator -> com.android.vending.licensing.h:
    byte[] IV -> a
    javax.crypto.Cipher mEncryptor -> b
    javax.crypto.Cipher mDecryptor -> c
    java.lang.String obfuscate(java.lang.String) -> a
    java.lang.String unobfuscate(java.lang.String) -> b
com.android.vending.licensing.DeviceLimiter -> com.android.vending.licensing.p:
    com.android.vending.licensing.Policy$LicenseResponse isDeviceAllowed$414f77c5() -> a
com.android.vending.licensing.ILicenseResultListener -> com.android.vending.licensing.f:
    void verifyLicense(int,java.lang.String,java.lang.String) -> a
com.android.vending.licensing.ILicenseResultListener$Stub -> com.android.vending.licensing.l:
    android.os.IBinder asBinder() -> asBinder
    boolean onTransact(int,android.os.Parcel,android.os.Parcel,int) -> onTransact
com.android.vending.licensing.ILicenseResultListener$Stub$Proxy -> com.android.vending.licensing.d:
    android.os.IBinder mRemote -> a
    android.os.IBinder asBinder() -> asBinder
    void verifyLicense(int,java.lang.String,java.lang.String) -> a
com.android.vending.licensing.ILicensingService -> com.android.vending.licensing.ILicensingService:
    void checkLicense(long,java.lang.String,com.android.vending.licensing.ILicenseResultListener) -> a
com.android.vending.licensing.ILicensingService$Stub -> com.android.vending.licensing.b:
    boolean onTransact(int,android.os.Parcel,android.os.Parcel,int) -> onTransact
com.android.vending.licensing.ILicensingService$Stub$Proxy -> com.android.vending.licensing.r:
    android.os.IBinder mRemote -> a
    android.os.IBinder asBinder() -> asBinder
    void checkLicense(long,java.lang.String,com.android.vending.licensing.ILicenseResultListener) -> a
com.android.vending.licensing.LicenseChecker -> com.android.vending.licensing.m:
    java.security.SecureRandom RANDOM -> a
    com.android.vending.licensing.ILicensingService mService -> b
    java.security.PublicKey mPublicKey -> c
    android.content.Context mContext -> d
    com.android.vending.licensing.Policy mPolicy -> e
    android.os.Handler mHandler -> f
    java.lang.String mPackageName -> g
    java.lang.String mVersionCode -> h
    java.util.Set mChecksInProgress -> i
    java.util.Queue mPendingChecks -> j
    java.security.PublicKey generatePublicKey(java.lang.String) -> a
    void checkAccess(com.android.vending.licensing.LicenseCheckerCallback) -> a
    void runChecks() -> b
    void finishCheck(com.android.vending.licensing.LicenseValidator) -> a
    void onServiceConnected(android.content.ComponentName,android.os.IBinder) -> onServiceConnected
    void onServiceDisconnected(android.content.ComponentName) -> onServiceDisconnected
    void handleServiceConnectionError(com.android.vending.licensing.LicenseValidator) -> b
    void cleanupService() -> c
    void onDestroy() -> a
    java.lang.String getVersionCode(android.content.Context,java.lang.String) -> a
    void access$0(com.android.vending.licensing.LicenseChecker,com.android.vending.licensing.LicenseValidator) -> a
    void access$1(com.android.vending.licensing.LicenseChecker,com.android.vending.licensing.LicenseValidator) -> b
com.android.vending.licensing.LicenseChecker$ResultListener -> com.android.vending.licensing.i:
    com.android.vending.licensing.LicenseValidator mValidator -> b
    java.lang.Runnable mOnTimeout -> c
    com.android.vending.licensing.LicenseChecker this$0 -> a
    void verifyLicense(int,java.lang.String,java.lang.String) -> a
    com.android.vending.licensing.LicenseValidator access$0(com.android.vending.licensing.LicenseChecker$ResultListener) -> a
    void access$1(com.android.vending.licensing.LicenseChecker$ResultListener) -> b
com.android.vending.licensing.LicenseChecker$ResultListener$1 -> com.android.vending.licensing.s:
    com.android.vending.licensing.LicenseChecker$ResultListener this$1 -> a
    void run() -> run